[I 2024-07-10 14:56:15.043 ServerApp] jupyter_lsp | extension was successfully linked.
[I 2024-07-10 14:56:15.046 ServerApp] jupyter_server_terminals | extension was successfully linked.
[W 2024-07-10 14:56:15.047 LabApp] 'allow_origin' has moved from NotebookApp to ServerApp. This config will be passed to ServerApp. Be sure to update your config before our next release.
[W 2024-07-10 14:56:15.047 LabApp] 'ip' has moved from NotebookApp to ServerApp. This config will be passed to ServerApp. Be sure to update your config before our next release.
[W 2024-07-10 14:56:15.047 LabApp] 'ip' has moved from NotebookApp to ServerApp. This config will be passed to ServerApp. Be sure to update your config before our next release.
[W 2024-07-10 14:56:15.047 LabApp] 'password' has moved from NotebookApp to ServerApp. This config will be passed to ServerApp. Be sure to update your config before our next release.
[W 2024-07-10 14:56:15.047 LabApp] 'port' has moved from NotebookApp to ServerApp. This config will be passed to ServerApp. Be sure to update your config before our next release.
[W 2024-07-10 14:56:15.049 ServerApp] ServerApp.password config is deprecated in 2.0. Use PasswordIdentityProvider.hashed_password.
[I 2024-07-10 14:56:15.049 ServerApp] jupyterlab | extension was successfully linked.
[W 2024-07-10 14:56:15.050 JupyterNotebookApp] 'allow_origin' has moved from NotebookApp to ServerApp. This config will be passed to ServerApp. Be sure to update your config before our next release.
[W 2024-07-10 14:56:15.050 JupyterNotebookApp] 'ip' has moved from NotebookApp to ServerApp. This config will be passed to ServerApp. Be sure to update your config before our next release.
[W 2024-07-10 14:56:15.050 JupyterNotebookApp] 'ip' has moved from NotebookApp to ServerApp. This config will be passed to ServerApp. Be sure to update your config before our next release.
[W 2024-07-10 14:56:15.050 JupyterNotebookApp] 'password' has moved from NotebookApp to ServerApp. This config will be passed to ServerApp. Be sure to update your config before our next release.
[W 2024-07-10 14:56:15.050 JupyterNotebookApp] 'port' has moved from NotebookApp to ServerApp. This config will be passed to ServerApp. Be sure to update your config before our next release.
[I 2024-07-10 14:56:15.052 ServerApp] notebook | extension was successfully linked.
[I 2024-07-10 14:56:15.198 ServerApp] notebook_shim | extension was successfully linked.
[I 2024-07-10 14:56:15.211 ServerApp] notebook_shim | extension was successfully loaded.
[I 2024-07-10 14:56:15.213 ServerApp] jupyter_lsp | extension was successfully loaded.
[I 2024-07-10 14:56:15.213 ServerApp] jupyter_server_terminals | extension was successfully loaded.
[I 2024-07-10 14:56:15.215 LabApp] JupyterLab extension loaded from /home/deeparc/.local/lib/python3.10/site-packages/jupyterlab
[I 2024-07-10 14:56:15.215 LabApp] JupyterLab application directory is /home/deeparc/.local/share/jupyter/lab
[I 2024-07-10 14:56:15.215 LabApp] Extension Manager is 'pypi'.
[I 2024-07-10 14:56:15.268 ServerApp] jupyterlab | extension was successfully loaded.
[I 2024-07-10 14:56:15.271 ServerApp] notebook | extension was successfully loaded.
[I 2024-07-10 14:56:15.272 ServerApp] Serving notebooks from local directory: /home/deeparc/nasWithDeeparc/tinynas
[I 2024-07-10 14:56:15.272 ServerApp] Jupyter Server 2.14.1 is running at:
[I 2024-07-10 14:56:15.272 ServerApp] http://lesninha:7777/tree
[I 2024-07-10 14:56:15.272 ServerApp]     http://127.0.0.1:7777/tree
[I 2024-07-10 14:56:15.272 ServerApp] Use Control-C to stop this server and shut down all kernels (twice to skip confirmation).
[?1049h[22;0;0t[1;24r(B[m[4l[?7h[?1h=[39;49m[39;49m[37m[40m[H[2J[37m[40m[J(B[m[39;49m[37m[40m[39;49m[37m[40m[J[39;49m(B[m[22d[93m[44mGetting file://localhost/home/deeparc/.local/share/jupyter/runtime/jpserver-553[K[39;49m(B[m[I 2024-07-10 14:56:15.308 ServerApp] Skipped non-installed server(s): bash-language-server, dockerfile-language-server-nodejs, javascript-typescript-langserver, jedi-language-server, julia-language-server, pyright, python-language-server, python-lsp-server, r-languageserver, sql-language-server, texlab, typescript-language-server, unified-language-server, vscode-css-languageserver-bin, vscode-html-languageserver-bin, vscode-json-languageserver-bin, yaml-language-server
[24d[24;1H[?1049l[23;0;0t[?1l>[I 2024-07-10 14:56:32.069 ServerApp] User 15978aed4e15427691c4ed30a4ac11c9 logged in.
[I 2024-07-10 14:56:32.071 ServerApp] 302 POST /login?next=%2Ftree%3F (15978aed4e15427691c4ed30a4ac11c9@165.246.43.178) 57.16ms
[I 2024-07-10 14:56:42.955 ServerApp] Kernel started: 3adaa313-e47a-4bff-99c0-46e358246f41
[I 2024-07-10 14:56:43.568 ServerApp] Connecting to kernel 3adaa313-e47a-4bff-99c0-46e358246f41.
[I 2024-07-10 14:56:43.593 ServerApp] Connecting to kernel 3adaa313-e47a-4bff-99c0-46e358246f41.
[I 2024-07-10 14:56:43.619 ServerApp] Connecting to kernel 3adaa313-e47a-4bff-99c0-46e358246f41.
[I 2024-07-10 14:57:13.894 ServerApp] Starting buffering for 3adaa313-e47a-4bff-99c0-46e358246f41:fd935b08-63c9-4910-b043-dade76c3d877
[I 2024-07-10 14:57:14.633 ServerApp] Connecting to kernel 3adaa313-e47a-4bff-99c0-46e358246f41.
[I 2024-07-10 14:57:14.682 ServerApp] Starting buffering for 3adaa313-e47a-4bff-99c0-46e358246f41:2c6d59e0-68cc-4702-8d1a-508614ead311
[I 2024-07-10 14:57:17.858 ServerApp] 302 GET / (@165.246.43.178) 0.60ms
[I 2024-07-10 14:57:17.867 JupyterNotebookApp] 302 GET /tree? (@165.246.43.178) 1.05ms
[I 2024-07-10 14:57:25.681 ServerApp] User 8748cc8ce756443da0ef017091c4720c logged in.
[I 2024-07-10 14:57:25.682 ServerApp] 302 POST /login?next=%2Ftree%3F (8748cc8ce756443da0ef017091c4720c@165.246.43.178) 37.47ms
[I 2024-07-10 14:57:26.442 ServerApp] Connecting to kernel 3adaa313-e47a-4bff-99c0-46e358246f41.
[I 2024-07-10 14:57:26.612 ServerApp] Starting buffering for 3adaa313-e47a-4bff-99c0-46e358246f41:0f084aac-378f-418f-8ad5-29d3608262f1
[I 2024-07-10 14:57:39.862 ServerApp] Connecting to kernel 3adaa313-e47a-4bff-99c0-46e358246f41.
[I 2024-07-10 14:57:40.098 ServerApp] Starting buffering for 3adaa313-e47a-4bff-99c0-46e358246f41:27399bc8-635c-4a55-bbce-250bd7bb2fe2
[I 2024-07-10 14:57:40.185 ServerApp] Connecting to kernel 3adaa313-e47a-4bff-99c0-46e358246f41.
[I 2024-07-10 14:59:02.653 ServerApp] Connecting to kernel 3adaa313-e47a-4bff-99c0-46e358246f41.
[I 2024-07-10 14:59:02.915 ServerApp] Connecting to kernel 3adaa313-e47a-4bff-99c0-46e358246f41.
[I 2024-07-10 14:59:40.130 ServerApp] Saving file at /tinynas/deploy/cnnnet/cnn_deeparc.ipynb
[I 2024-07-10 15:01:40.206 ServerApp] Saving file at /tinynas/deploy/cnnnet/cnn_deeparc.ipynb
[I 2024-07-10 15:41:10.662 ServerApp] Saving file at /tinynas/deploy/cnnnet/cnn_deeparc.ipynb
[I 2024-07-10 15:43:10.717 ServerApp] Saving file at /tinynas/deploy/cnnnet/cnn_deeparc.ipynb
[I 2024-07-10 15:45:10.774 ServerApp] Saving file at /tinynas/deploy/cnnnet/cnn_deeparc.ipynb
[I 2024-07-10 15:58:06.587 ServerApp] Saving file at /tinynas/deploy/cnnnet/cnn_deeparc.ipynb
